<?xml version="1.0" encoding="UTF-8"?>
<!-- Generated by org.testng.reporters.JUnitXMLReporter -->
<testsuite ignored="0" hostname="Praveens-MBP.Home" failures="0" tests="1" name="Test-2" time="12.278" errors="0" timestamp="2023-06-15T07:25:33 BST">
  <testcase classname="aswaniKishore.TestDemoooo" name="testing" time="11.693"/>
</testsuite> <!-- Test-2 -->
