<?xml version="1.0" encoding="UTF-8"?>
<!-- Generated by org.testng.reporters.JUnitXMLReporter -->
<testsuite ignored="0" hostname="Praveens-MBP.Home" failures="0" tests="1" name="Test-0" time="227.113" errors="0" timestamp="2023-06-15T07:31:34 BST">
  <testcase classname="aswaniKishore.TestDemoooo" name="testing" time="226.478"/>
</testsuite> <!-- Test-0 -->
