<?xml version="1.0" encoding="UTF-8"?>
<!-- Generated by org.testng.reporters.JUnitXMLReporter -->
<testsuite ignored="0" hostname="Praveens-MBP.Home" failures="0" tests="1" name="Test-1" time="10.871" errors="0" timestamp="2023-06-15T07:27:58 BST">
  <testcase classname="aswaniKishore.TestDemoooo" name="testing" time="10.259"/>
</testsuite> <!-- Test-1 -->
