<?xml version="1.0" encoding="UTF-8"?>
<!-- Generated by org.testng.reporters.JUnitReportReporter -->
<testsuite hostname="Praveens-MBP.Home" failures="0" tests="2" name="aswaniKishore.TestDemo2" time="20.509" errors="0" timestamp="2023-06-15T07:31:35 BST" skipped="0">
  <testcase classname="aswaniKishore.TestDemo2" name="testing2" time="9.204"/>
  <testcase classname="aswaniKishore.TestDemo2" name="testing2" time="11.305"/>
</testsuite> <!-- aswaniKishore.TestDemo2 -->
