<?xml version="1.0" encoding="UTF-8"?>
<!-- Generated by org.testng.reporters.JUnitReportReporter -->
<testsuite hostname="Praveens-MBP.Home" failures="0" tests="2" name="aswaniKishore.TestDemoooo" time="236.737" errors="0" timestamp="2023-06-15T07:31:35 BST" skipped="0">
  <testcase classname="aswaniKishore.TestDemoooo" name="testing" time="226.478"/>
  <testcase classname="aswaniKishore.TestDemoooo" name="testing" time="10.259"/>
</testsuite> <!-- aswaniKishore.TestDemoooo -->
